#
# A fatal error has been detected by the Java Runtime Environment:
#
#  EXCEPTION_ACCESS_VIOLATION (0xc0000005) at pc=0x00007ff9511e26c4, pid=19340, tid=3712
#
# JRE version: Java(TM) SE Runtime Environment (24.0+36) (build 24+36-3646)
# Java VM: Java HotSpot(TM) 64-Bit Server VM (24+36-3646, mixed mode, sharing, tiered, compressed oops, compressed class ptrs, g1 gc, windows-amd64)
# Problematic frame:
# C  0x00007ff9511e26c4
#
# No core dump will be written. Minidumps are not enabled by default on client versions of Windows
#
# JFR recording file will be written. Location: C:\Users\fgfga\IdeaProjects\Networks1-Project\hs_err_pid19340.jfr
#
# If you would like to submit a bug report, please visit:
#   https://bugreport.java.com/bugreport/crash.jsp
# The crash happened outside the Java Virtual Machine in native code.
# See problematic frame for where to report the bug.
#

---------------  S U M M A R Y ------------

Command Line: -javaagent:C:\Program Files\JetBrains\IntelliJ IDEA 2025.1\lib\idea_rt.jar=52601 -Dfile.encoding=UTF-8 -Dsun.stdout.encoding=UTF-8 -Dsun.stderr.encoding=UTF-8 --module-path=C:\Users\fgfga\.m2\repository\org\openjfx\javafx-graphics\17.0.6\javafx-graphics-17.0.6-win.jar;C:\Users\fgfga\.m2\repository\org\openjfx\javafx-controls\17.0.6\javafx-controls-17.0.6-win.jar;C:\Users\fgfga\.m2\repository\org\openjfx\javafx-fxml\17.0.6\javafx-fxml-17.0.6-win.jar;C:\Users\fgfga\.m2\repository\org\openjfx\javafx-base\17.0.6\javafx-base-17.0.6-win.jar;C:\Users\fgfga\IdeaProjects\Networks1-Project\target\classes -Djdk.module.main=com.example.networks1project com.example.networks1project/com.example.networks1project.HelloApplication

Host: 13th Gen Intel(R) Core(TM) i7-1355U, 12 cores, 15G,  Windows 11 , 64 bit Build 22000 (10.0.22000.2538)
Time: Sat Apr 19 14:25:57 2025 West Bank Gaza Daylight Time elapsed time: 59.505976 seconds (0d 0h 0m 59s)

---------------  T H R E A D  ---------------

Current thread (0x00000287391a1e40):  JavaThread "Attach Listener" daemon [_thread_in_native, id=3712, stack(0x000000c3eb000000,0x000000c3eb100000) (1024K)]

Stack: [0x000000c3eb000000,0x000000c3eb100000],  sp=0x000000c3eb0ff180,  free space=1020k
Native frames: (J=compiled Java code, j=interpreted, Vv=VM code, C=native code)
C  0x00007ff9511e26c4  (no source info available)
C  0x00007ff9511e2b9b  (no source info available)
C  0x00007ff9511e17f4  (no source info available)
C  0x00007ff9511e206a  (no source info available)
C  0x00007ff9511dcc21  (no source info available)
C  0x00007ff9511ce5e1  (no source info available)
C  0x00007ff9511cd2f8  (no source info available)
C  0x00007ff9511cd1e0  (no source info available)
C  0x00007ff9511d41b9  (no source info available)
V  [jvm.dll+0x57f1b7]  (no source info available)
V  [jvm.dll+0x57ff2c]  (no source info available)
V  [jvm.dll+0x14c9b7]  (no source info available)
V  [jvm.dll+0x14df81]  (no source info available)
V  [jvm.dll+0x42f566]  (no source info available)
V  [jvm.dll+0x87d8fb]  (no source info available)
V  [jvm.dll+0x72efe5]  (no source info available)
C  [ucrtbase.dll+0x26c0c]  (no source info available)
C  [KERNEL32.DLL+0x153e0]  (no source info available)
C  [ntdll.dll+0x485b]  (no source info available)


siginfo: EXCEPTION_ACCESS_VIOLATION (0xc0000005), reading address 0xffffffffffffffff


Registers:
RAX=0x0000000000000010, RBX=0x0000000000000000, RCX=0xffffffffffffffff, RDX=0x007ff960af2ff010
RSP=0x000000c3eb0ff180, RBP=0x0000028705fec0d8, RSI=0x000000c3eb0ff2f0, RDI=0x0000028705fec0d8
R8 =0x0000000000000042, R9 =0x0000000711000030, R10=0x00007ff960d69fc0, R11=0x000000000000000a
R12=0x000000c3eb0ff2f0, R13=0x00000287093a09f0, R14=0x00000287391a2208, R15=0x00000287391a2208
RIP=0x00007ff9511e26c4, EFLAGS=0x0000000000010202

XMM[0]=0x0000000000000000 0x0000000000000000
XMM[1]=0x0000000000000000 0x0000000000000000
XMM[2]=0x0000000000000000 0x0000000000000000
XMM[3]=0x0000000000000000 0x0000000000000000
XMM[4]=0x0000000000000000 0x0000000000000000
XMM[5]=0x0000000000000000 0x0000000000000000
XMM[6]=0x0000000000000000 0x0000000000000000
XMM[7]=0x0000000000000000 0x0000000000000000
XMM[8]=0x0000000000000000 0x0000000000000000
XMM[9]=0x0000000000000000 0x0000000000000000
XMM[10]=0x0000000000000000 0x0000000000000000
XMM[11]=0x0000000000000000 0x0000000000000000
XMM[12]=0x0000000000000000 0x0000000000000000
XMM[13]=0x0000000000000000 0x0000000000000000
XMM[14]=0x0000000000000000 0x0000000000000000
XMM[15]=0x0000000000000000 0x0000000000000000
  MXCSR=0x00001fa0


Register to memory mapping:

RAX=0x0000000000000010 is an unknown value
RBX=0x0 is null
RCX=0xffffffffffffffff is an unknown value
RDX=0x007ff960af2ff010 is an unknown value
RSP=0x000000c3eb0ff180 is pointing into the stack for thread: 0x00000287391a1e40
RBP=0x0000028705fec0d8 points into unknown readable memory: 0x0000000711000030 | 30 00 00 11 07 00 00 00
RSI=0x000000c3eb0ff2f0 is pointing into the stack for thread: 0x00000287391a1e40
RDI=0x0000028705fec0d8 points into unknown readable memory: 0x0000000711000030 | 30 00 00 11 07 00 00 00
R8 =0x0000000000000042 is an unknown value
R9 =0x0000000711000030 is an oop: java.lang.Thread 
{0x0000000711000030} - klass: 'java/lang/Thread' - flags: 

 - ---- fields (total size 14 words):
 - 'threadLocalRandomProbe' 'I' @12  0 (0x00000000)
 - private volatile 'eetop' 'J' @16  2779275766704 (0x0000028719beabb0)
 - private final 'tid' 'J' @24  3 (0x0000000000000003)
 - 'threadLocalRandomSeed' 'J' @32  0 (0x0000000000000000)
 - injected 'jvmti_thread_state' 'J' @40  2778949967872 (0x0000028706536000)
 - 'threadLocalRandomSecondarySeed' 'I' @48  0 (0x00000000)
 - injected 'jvmti_VTMS_transition_disable_count' 'I' @52  0 (0x00000000)
 - injected 'jfr_epoch' 'S' @56  0 (0x0000)
 - volatile 'interrupted' 'Z' @58  false (0x00)
 - injected 'jvmti_is_in_VTMS_transition' 'Z' @59  false (0x00)
 - private volatile 'name' 'Ljava/lang/String;' @60  "main"{0x0000000710ca2378} (0xe219446f)
 - private volatile 'contextClassLoader' 'Ljava/lang/ClassLoader;' @64  a 'jdk/internal/loader/ClassLoaders$AppClassLoader'{0x0000000711034568} (0xe22068ad)
 - private final 'holder' 'Ljava/lang/Thread$FieldHolder;' @68  a 'java/lang/Thread$FieldHolder'{0x0000000710ca23a8} (0xe2194475)
 - 'threadLocals' 'Ljava/lang/ThreadLocal$ThreadLocalMap;' @72  a 'java/lang/ThreadLocal$ThreadLocalMap'{0x0000000710ca23d0} (0xe219447a)
 - 'inheritableThreadLocals' 'Ljava/lang/ThreadLocal$ThreadLocalMap;' @76  null (0x00000000)
 - private 'scopedValueBindings' 'Ljava/lang/Object;' @80  a 'java/lang/Class'{0x00000007ffe7c880} = 'java/lang/Thread' (0xfffcf910)
 - final 'interruptLock' 'Ljava/lang/Object;' @84  a 'java/lang/Object'{0x0000000710ca26f8} (0xe21944df)
 - private volatile 'parkBlocker' 'Ljava/lang/Object;' @88  a 'java/util/concurrent/CountDownLatch$Sync'{0x0000000711000010} (0xe2200002)
 - private 'nioBlocker' 'Lsun/nio/ch/Interruptible;' @92  null (0x00000000)
 - private 'cont' 'Ljdk/internal/vm/Continuation;' @96  null (0x00000000)
 - private volatile 'uncaughtExceptionHandler' 'Ljava/lang/Thread$UncaughtExceptionHandler;' @100  null (0x00000000)
 - private 'container' 'Ljdk/internal/vm/ThreadContainer;' @104  null (0x00000000)
 - private volatile 'headStackableScopes' 'Ljdk/internal/vm/StackableScope;' @108  null (0x00000000)
R10=0x00007ff960d69fc0 jvm.dll
R11=0x000000000000000a is an unknown value
R12=0x000000c3eb0ff2f0 is pointing into the stack for thread: 0x00000287391a1e40
R13=0x00000287093a09f0 points into unknown readable memory: 0x00007ff960cda510 | 10 a5 cd 60 f9 7f 00 00
R14=0x00000287391a2208 points into unknown readable memory: 0x00007ff960cd17b0 | b0 17 cd 60 f9 7f 00 00
R15=0x00000287391a2208 points into unknown readable memory: 0x00007ff960cd17b0 | b0 17 cd 60 f9 7f 00 00

Top of Stack: (sp=0x000000c3eb0ff180)
0x000000c3eb0ff180:   000000c3eb0ff2f0 0000028705fec0d8   ................
0x000000c3eb0ff190:   0000000000000000 00000287391a2590   .........%.9....
0x000000c3eb0ff1a0:   0000000000000044 00007ff9511e2b9b   D........+.Q....
0x000000c3eb0ff1b0:   0000000000000000 00000287391a2208   .........".9....
0x000000c3eb0ff1c0:   000000c3eb0ff201 0000000000000000   ................
0x000000c3eb0ff1d0:   000002870957c8e0 00007ff9511e17f4   ..W........Q....
0x000000c3eb0ff1e0:   0000000000000000 0000000000000044   ........D.......
0x000000c3eb0ff1f0:   0000000000000000 0000000000000044   ........D.......
0x000000c3eb0ff200:   000000160ac17040 0000028706901880   @p..............
0x000000c3eb0ff210:   000002870957c8e0 000002870957c9f0   ..W.......W.....
0x000000c3eb0ff220:   000002870957ca58 0000000000003a2c   X.W.....,:......
0x000000c3eb0ff230:   0000000000000000 0000000000000000   ................
0x000000c3eb0ff240:   0000000000000000 00007ff9605358e4   .........XS`....
0x000000c3eb0ff250:   00007ff951324ca0 0000000000004b8c   .L2Q.....K......
0x000000c3eb0ff260:   00007ff951324ca0 00000000ffffffff   .L2Q............
0x000000c3eb0ff270:   0000000000000000 00007ff9511e206a   ........j .Q....
0x000000c3eb0ff280:   00000287391a2208 0000000000000000   .".9............
0x000000c3eb0ff290:   000000c3eb0ff2f9 00000287093a09f0   ..........:.....
0x000000c3eb0ff2a0:   0000000000000003 0000000000000048   ........H.......
0x000000c3eb0ff2b0:   0000000800800310 0000000000000020   ........ .......
0x000000c3eb0ff2c0:   00000287391a2208 00007ff951324ca0   .".9.....L2Q....
0x000000c3eb0ff2d0:   0000028739042020 0000028706536000     .9.....`S.....
0x000000c3eb0ff2e0:   0000000800800390 00000287391a2208   .........".9....
0x000000c3eb0ff2f0:   0000028700732390 0000028700732c10   .#s......,s.....
0x000000c3eb0ff300:   0000028700732c10 00007ff951324ca0   .,s......L2Q....
0x000000c3eb0ff310:   0000028708ffc6a0 00000287178a0000   ................
0x000000c3eb0ff320:   000000c3eb0ff5c0 0000000000008840   ........@.......
0x000000c3eb0ff330:   000000c3eb0ff7a0 00007ff951324cf0   .........L2Q....
0x000000c3eb0ff340:   0000000000989680 0000000000989680   ................
0x000000c3eb0ff350:   000000c3eb0ff460 00007ff9511dcc21   `.......!..Q....
0x000000c3eb0ff360:   00007ff951324ca0 00007ff951324cf8   .L2Q.....L2Q....
0x000000c3eb0ff370:   00007ff900000000 00007ff900000001   ................

Instructions: (pc=0x00007ff9511e26c4)
  0x00007ff9511e25c4:   cc cc cc cc cc cc cc cc cc cc cc cc cc cc cc cc
  0x00007ff9511e25d4:   cc cc cc cc cc cc cc cc cc cc cc cc cc cc cc cc
  0x00007ff9511e25e4:   cc cc cc cc cc cc cc cc cc cc cc cc cc cc cc cc
  0x00007ff9511e25f4:   cc cc cc cc cc cc cc cc cc cc cc cc cc cc cc cc
  0x00007ff9511e2604:   cc cc cc cc cc cc cc cc cc cc cc cc cc cc cc cc
  0x00007ff9511e2614:   cc cc cc cc cc cc cc cc cc cc cc cc cc cc cc cc
  0x00007ff9511e2624:   cc cc cc cc cc cc cc cc cc cc cc cc cc cc cc cc
  0x00007ff9511e2634:   cc cc cc cc cc cc cc cc cc cc cc cc cc cc cc cc
  0x00007ff9511e2644:   cc cc cc cc cc cc cc cc cc cc cc cc 40 57 48 83
  0x00007ff9511e2654:   ec 20 48 8b f9 48 8b 0d 10 28 14 00 48 85 c9 74
  0x00007ff9511e2664:   20 48 8b 01 48 8d 54 24 38 41 b8 06 00 01 00 4c
  0x00007ff9511e2674:   8b 48 30 41 ff d1 85 c0 75 07 48 8b 4c 24 38 eb
  0x00007ff9511e2684:   02 33 c9 4c 8b 05 ea 28 14 00 48 89 5c 24 30 4d
  0x00007ff9511e2694:   85 c0 74 4a 48 8b 01 48 8b d7 4c 8b 88 28 03 00
  0x00007ff9511e26a4:   00 41 ff d1 48 85 c0 74 35 48 63 0d f8 e6 13 00
  0x00007ff9511e26b4:   48 8b 14 01 48 85 d2 74 15 48 63 05 fc e6 13 00
=>0x00007ff9511e26c4:   8b 04 10 48 8b 5c 24 30 48 83 c4 20 5f c3 b8 ff
  0x00007ff9511e26d4:   ff ff ff 48 8b 5c 24 30 48 83 c4 20 5f c3 80 3d
  0x00007ff9511e26e4:   9b 27 14 00 00 bb ff ff ff ff 74 20 4c 8b 0d 31
  0x00007ff9511e26f4:   24 14 00 4c 8d 44 24 38 48 8b 0d 15 24 14 00 48
  0x00007ff9511e2704:   8b d7 41 ff d1 85 c0 0f 44 5c 24 38 8b c3 48 8b
  0x00007ff9511e2714:   5c 24 30 48 83 c4 20 5f c3 cc cc cc cc cc cc cc
  0x00007ff9511e2724:   cc cc cc cc cc cc cc cc cc cc cc cc cc cc cc cc
  0x00007ff9511e2734:   cc cc cc cc cc cc cc cc cc cc cc cc cc cc cc cc
  0x00007ff9511e2744:   cc cc cc cc cc cc cc cc cc cc cc cc 48 89 54 24
  0x00007ff9511e2754:   10 53 55 56 57 41 56 41 57 48 83 ec 28 48 8b f2
  0x00007ff9511e2764:   4c 8b f1 48 89 4c 24 78 45 33 ff 44 89 7c 24 68
  0x00007ff9511e2774:   c7 44 24 60 01 00 00 00 48 8d 4c 24 68 e8 ed 42
  0x00007ff9511e2784:   f7 ff 8b d8 48 8d 4c 24 60 e8 e1 42 f7 ff 8b e8
  0x00007ff9511e2794:   49 8b ce e8 00 fc f6 ff 48 8b f8 90 8b c3 f0 0f
  0x00007ff9511e27a4:   b1 2f 74 04 f3 90 eb f4 4c 89 3e 4c 89 7e 08 4c
  0x00007ff9511e27b4:   89 7e 10 49 8b 6e 08 4d 8b 76 10 49 3b ee 0f 84


Stack slot to memory mapping:

stack at sp + 0 slots: 0x000000c3eb0ff2f0 is pointing into the stack for thread: 0x00000287391a1e40
stack at sp + 1 slots: 0x0000028705fec0d8 points into unknown readable memory: 0x0000000711000030 | 30 00 00 11 07 00 00 00
stack at sp + 2 slots: 0x0 is null
stack at sp + 3 slots: 0x00000287391a2590 points into unknown readable memory: 0x6e616c2e6176616a | 6a 61 76 61 2e 6c 61 6e
stack at sp + 4 slots: 0x0000000000000044 is an unknown value
stack at sp + 5 slots: 0x00007ff9511e2b9b points into unknown readable memory: 44 8b d8 83 f8
stack at sp + 6 slots: 0x0 is null
stack at sp + 7 slots: 0x00000287391a2208 points into unknown readable memory: 0x00007ff960cd17b0 | b0 17 cd 60 f9 7f 00 00

Lock stack of current Java thread (top to bottom):


---------------  P R O C E S S  ---------------

Threads class SMR info:
_java_thread_list=0x0000028706146d80, length=28, elements={
0x0000028719beabb0, 0x000002873919e490, 0x000002873919ee90, 0x00000287391a0fc0,
0x00000287391a1e40, 0x00000287391a2970, 0x00000287391a34a0, 0x00000287391a4430,
0x00000287391aa5b0, 0x00000287396b9f70, 0x000002877f64ccf0, 0x000002877f64d430,
0x000002877f63dd20, 0x000002877f63ebc0, 0x000002877f63f310, 0x000002877f6401b0,
0x000002877f63fa60, 0x000002877f63e470, 0x000002877f641050, 0x0000028705db84c0,
0x0000028705db6030, 0x0000028705db3ba0, 0x0000028705db5190, 0x0000028705db8c10,
0x0000028708ff7e80, 0x0000028705db6780, 0x0000028708d11820, 0x0000028705db7d70
}

Java Threads: ( => current thread )
  0x0000028719beabb0 JavaThread "main"                              [_thread_blocked, id=6500, stack(0x000000c3ea500000,0x000000c3ea600000) (1024K)]
  0x000002873919e490 JavaThread "Reference Handler"          daemon [_thread_blocked, id=18436, stack(0x000000c3ead00000,0x000000c3eae00000) (1024K)]
  0x000002873919ee90 JavaThread "Finalizer"                  daemon [_thread_blocked, id=7352, stack(0x000000c3eae00000,0x000000c3eaf00000) (1024K)]
  0x00000287391a0fc0 JavaThread "Signal Dispatcher"          daemon [_thread_blocked, id=16112, stack(0x000000c3eaf00000,0x000000c3eb000000) (1024K)]
=>0x00000287391a1e40 JavaThread "Attach Listener"            daemon [_thread_in_native, id=3712, stack(0x000000c3eb000000,0x000000c3eb100000) (1024K)]
  0x00000287391a2970 JavaThread "Service Thread"             daemon [_thread_blocked, id=18180, stack(0x000000c3eb100000,0x000000c3eb200000) (1024K)]
  0x00000287391a34a0 JavaThread "Monitor Deflation Thread"   daemon [_thread_blocked, id=9820, stack(0x000000c3eb200000,0x000000c3eb300000) (1024K)]
  0x00000287391a4430 JavaThread "C2 CompilerThread0"         daemon [_thread_blocked, id=2856, stack(0x000000c3eb300000,0x000000c3eb400000) (1024K)]
  0x00000287391aa5b0 JavaThread "C1 CompilerThread0"         daemon [_thread_blocked, id=18072, stack(0x000000c3eb400000,0x000000c3eb500000) (1024K)]
  0x00000287396b9f70 JavaThread "Common-Cleaner"             daemon [_thread_blocked, id=13628, stack(0x000000c3eb500000,0x000000c3eb600000) (1024K)]
  0x000002877f64ccf0 JavaThread "Monitor Ctrl-Break"         daemon [_thread_in_native, id=18960, stack(0x000000c3eb900000,0x000000c3eba00000) (1024K)]
  0x000002877f64d430 JavaThread "Notification Thread"        daemon [_thread_blocked, id=13556, stack(0x000000c3eba00000,0x000000c3ebb00000) (1024K)]
  0x000002877f63dd20 JavaThread "RMI TCP Accept-0"           daemon [_thread_in_native, id=1200, stack(0x000000c3eb800000,0x000000c3eb900000) (1024K)]
  0x000002877f63ebc0 JavaThread "RMI TCP Connection(idle)"   daemon [_thread_blocked, id=19416, stack(0x000000c3ebb00000,0x000000c3ebc00000) (1024K)]
  0x000002877f63f310 JavaThread "RMI Scheduler(0)"           daemon [_thread_blocked, id=16992, stack(0x000000c3ebc00000,0x000000c3ebd00000) (1024K)]
  0x000002877f6401b0 JavaThread "JMX server connection timeout 31" daemon [_thread_blocked, id=6376, stack(0x000000c3ebd00000,0x000000c3ebe00000) (1024K)]
  0x000002877f63fa60 JavaThread "QuantumRenderer-0"          daemon [_thread_blocked, id=16764, stack(0x000000c3ebe00000,0x000000c3ebf00000) (1024K)]
  0x000002877f63e470 JavaThread "InvokeLaterDispatcher"      daemon [_thread_blocked, id=11776, stack(0x000000c3ebf00000,0x000000c3ec000000) (1024K)]
  0x000002877f641050 JavaThread "JavaFX Application Thread"         [_thread_in_native, id=7780, stack(0x000000c3ec000000,0x000000c3ec100000) (1024K)]
  0x0000028705db84c0 JavaThread "JavaFX-Launcher"                   [_thread_blocked, id=17432, stack(0x000000c3eb700000,0x000000c3eb800000) (1024K)]
  0x0000028705db6030 JavaThread "Thread-2"                   daemon [_thread_in_native, id=18904, stack(0x000000c3eb600000,0x000000c3eb700000) (1024K)]
  0x0000028705db3ba0 JavaThread "Prism Font Disposer"        daemon [_thread_blocked, id=18308, stack(0x000000c3edc00000,0x000000c3edd00000) (1024K)]
  0x0000028705db5190 JavaThread "Cleaner-0"                  daemon [_thread_blocked, id=6452, stack(0x000000c3ed800000,0x000000c3ed900000) (1024K)]
  0x0000028705db8c10 JavaThread "RMI TCP Connection(2)-192.168.1.9" daemon [_thread_in_native, id=728, stack(0x000000c3ed700000,0x000000c3ed800000) (1024K)]
  0x0000028708ff7e80 JavaThread "C2 CompilerThread1"         daemon [_thread_blocked, id=11992, stack(0x000000c3ee100000,0x000000c3ee200000) (1024K)]
  0x0000028705db6780 JavaThread "JFR Recorder Thread"        daemon [_thread_in_native, id=14460, stack(0x000000c3ee200000,0x000000c3ee300000) (1024K)]
  0x0000028708d11820 JavaThread "C2 CompilerThread2"         daemon [_thread_blocked, id=14680, stack(0x000000c3ee300000,0x000000c3ee400000) (1024K)]
  0x0000028705db7d70 JavaThread "JFR Periodic Tasks"         daemon [_thread_blocked, id=14892, stack(0x000000c3ee400000,0x000000c3ee500000) (1024K)]
Total: 28

Other Threads:
  0x000002873918ef10 VMThread "VM Thread"                           [id=2672, stack(0x000000c3eac00000,0x000000c3ead00000) (1024K)]
  0x0000028739181f80 WatcherThread "VM Periodic Task Thread"        [id=4904, stack(0x000000c3eab00000,0x000000c3eac00000) (1024K)]
  0x0000028719c56560 WorkerThread "GC Thread#0"                     [id=16500, stack(0x000000c3ea600000,0x000000c3ea700000) (1024K)]
  0x0000028705dbad40 WorkerThread "GC Thread#1"                     [id=19212, stack(0x000000c3ed000000,0x000000c3ed100000) (1024K)]
  0x0000028705dba230 WorkerThread "GC Thread#2"                     [id=18080, stack(0x000000c3ed100000,0x000000c3ed200000) (1024K)]
  0x0000028705dbb0f0 WorkerThread "GC Thread#3"                     [id=18928, stack(0x000000c3ed200000,0x000000c3ed300000) (1024K)]
  0x0000028705db9720 WorkerThread "GC Thread#4"                     [id=13996, stack(0x000000c3ed300000,0x000000c3ed400000) (1024K)]
  0x0000028705db9ad0 WorkerThread "GC Thread#5"                     [id=16028, stack(0x000000c3ed400000,0x000000c3ed500000) (1024K)]
  0x0000028705dba5e0 WorkerThread "GC Thread#6"                     [id=16904, stack(0x000000c3ed500000,0x000000c3ed600000) (1024K)]
  0x0000028705dba990 WorkerThread "GC Thread#7"                     [id=17120, stack(0x000000c3ed600000,0x000000c3ed700000) (1024K)]
  0x0000028705fd6dc0 WorkerThread "GC Thread#8"                     [id=4300, stack(0x000000c3edd00000,0x000000c3ede00000) (1024K)]
  0x0000028705fd6660 WorkerThread "GC Thread#9"                     [id=8480, stack(0x000000c3ede00000,0x000000c3edf00000) (1024K)]
  0x0000028719c6b010 ConcurrentGCThread "G1 Main Marker"            [id=10528, stack(0x000000c3ea700000,0x000000c3ea800000) (1024K)]
  0x0000028719c6c2c0 WorkerThread "G1 Conc#0"                       [id=9732, stack(0x000000c3ea800000,0x000000c3ea900000) (1024K)]
  0x0000028705fd7520 WorkerThread "G1 Conc#1"                       [id=16728, stack(0x000000c3edf00000,0x000000c3ee000000) (1024K)]
  0x0000028705fd5b50 WorkerThread "G1 Conc#2"                       [id=15680, stack(0x000000c3ee000000,0x000000c3ee100000) (1024K)]
  0x0000028739040050 ConcurrentGCThread "G1 Refine#0"               [id=9588, stack(0x000000c3ea900000,0x000000c3eaa00000) (1024K)]
  0x00000287390409e0 ConcurrentGCThread "G1 Service"                [id=13296, stack(0x000000c3eaa00000,0x000000c3eab00000) (1024K)]
Total: 18

Threads with active compile tasks:
Total: 0

VM state: not at safepoint (normal execution)

VM Mutex/Monitor currently owned by a thread: None

Heap address: 0x0000000705a00000, size: 4006 MB, Compressed Oops mode: Zero based, Oop shift amount: 3

CDS archive(s) mapped at: [0x000002873a000000-0x000002873ad40000-0x000002873ad40000), size 13893632, SharedBaseAddress: 0x000002873a000000, ArchiveRelocationMode: 1.
Compressed class space mapped at: 0x000002873b000000-0x000002877b000000, reserved size: 1073741824
UseCompressedClassPointers 1, UseCompactObjectHeaders 0
Narrow klass pointer bits 32, Max shift 3
Narrow klass base: 0x000002873a000000, Narrow klass shift: 0
Encoding Range: [0x000002873a000000 - 0x000002883a000000), (4294967296 bytes)
Klass Range:    [0x000002873a000000 - 0x000002877b000000), (1090519040 bytes)
Klass ID Range:  [8 - 1090519033) (1090519025)

GC Precious Log:
 CardTable entry size: 512
 Card Set container configuration: InlinePtr #cards 4 size 8 Array Of Cards #cards 16 size 48 Howl #buckets 8 coarsen threshold 3686 Howl Bitmap #cards 512 size 80 coarsen threshold 460 Card regions per heap region 1 cards per card region 4096
 CPUs: 12 total, 12 available
 Memory: 16016M
 Large Page Support: Disabled
 NUMA Support: Disabled
 Compressed Oops: Enabled (Zero based)
 Heap Region Size: 2M
 Heap Min Capacity: 8M
 Heap Initial Capacity: 252M
 Heap Max Capacity: 4006M
 Pre-touch: Disabled
 Parallel Workers: 10
 Concurrent Workers: 3
 Concurrent Refinement Workers: 10
 Periodic GC: Disabled

Heap:
 garbage-first heap   total reserved 4102144K, committed 49152K, used 35791K [0x0000000705a00000, 0x0000000800000000)
  region size 2048K, 17 young (34816K), 5 survivors (10240K)
 Metaspace       used 23852K, committed 24256K, reserved 1114112K
  class space    used 2902K, committed 3072K, reserved 1048576K

Heap Regions: E=young(eden), S=young(survivor), O=old, HS=humongous(starts), HC=humongous(continues), CS=collection set, F=free, TAMS=top-at-mark-start, PB=parsable bottom
|   0|0x0000000705a00000, 0x0000000705c00000, 0x0000000705c00000|100%|HS|  |TAMS 0x0000000705a00000| PB 0x0000000705a00000| Complete |  0
|   1|0x0000000705c00000, 0x0000000705c00000, 0x0000000705e00000|  0%| F|  |TAMS 0x0000000705c00000| PB 0x0000000705c00000| Untracked |  0
|   2|0x0000000705e00000, 0x0000000705e00000, 0x0000000706000000|  0%| F|  |TAMS 0x0000000705e00000| PB 0x0000000705e00000| Untracked |  0
|   3|0x0000000706000000, 0x0000000706000000, 0x0000000706200000|  0%| F|  |TAMS 0x0000000706000000| PB 0x0000000706000000| Untracked |  0
|   4|0x0000000706200000, 0x0000000706200000, 0x0000000706400000|  0%| F|  |TAMS 0x0000000706200000| PB 0x0000000706200000| Untracked |  0
|   5|0x0000000706400000, 0x0000000706400000, 0x0000000706600000|  0%| F|  |TAMS 0x0000000706400000| PB 0x0000000706400000| Untracked |  0
|   6|0x0000000706600000, 0x0000000706700000, 0x0000000706800000| 50%| E|  |TAMS 0x0000000706600000| PB 0x0000000706600000| Complete |  0
|   7|0x0000000706800000, 0x0000000706a00000, 0x0000000706a00000|100%| E|CS|TAMS 0x0000000706800000| PB 0x0000000706800000| Complete |  0
|   8|0x0000000706a00000, 0x0000000706c00000, 0x0000000706c00000|100%| E|CS|TAMS 0x0000000706a00000| PB 0x0000000706a00000| Complete |  0
|   9|0x0000000706c00000, 0x0000000706e00000, 0x0000000706e00000|100%| E|CS|TAMS 0x0000000706c00000| PB 0x0000000706c00000| Complete |  0
|  10|0x0000000706e00000, 0x0000000707000000, 0x0000000707000000|100%| E|CS|TAMS 0x0000000706e00000| PB 0x0000000706e00000| Complete |  0
|  11|0x0000000707000000, 0x0000000707200000, 0x0000000707200000|100%| E|CS|TAMS 0x0000000707000000| PB 0x0000000707000000| Complete |  0
|  12|0x0000000707200000, 0x0000000707400000, 0x0000000707400000|100%| E|CS|TAMS 0x0000000707200000| PB 0x0000000707200000| Complete |  0
|  13|0x0000000707400000, 0x0000000707600000, 0x0000000707600000|100%| E|CS|TAMS 0x0000000707400000| PB 0x0000000707400000| Complete |  0
|  14|0x0000000707600000, 0x0000000707800000, 0x0000000707800000|100%| E|CS|TAMS 0x0000000707600000| PB 0x0000000707600000| Complete |  0
|  15|0x0000000707800000, 0x0000000707a00000, 0x0000000707a00000|100%| E|CS|TAMS 0x0000000707800000| PB 0x0000000707800000| Complete |  0
|  16|0x0000000707a00000, 0x0000000707c00000, 0x0000000707c00000|100%| E|CS|TAMS 0x0000000707a00000| PB 0x0000000707a00000| Complete |  0
|  87|0x0000000710800000, 0x00000007109d6a30, 0x0000000710a00000| 91%| S|CS|TAMS 0x0000000710800000| PB 0x0000000710800000| Complete |  0
|  88|0x0000000710a00000, 0x0000000710c00000, 0x0000000710c00000|100%| S|CS|TAMS 0x0000000710a00000| PB 0x0000000710a00000| Complete |  0
|  89|0x0000000710c00000, 0x0000000710e00000, 0x0000000710e00000|100%| S|CS|TAMS 0x0000000710c00000| PB 0x0000000710c00000| Complete |  0
|  90|0x0000000710e00000, 0x0000000711000000, 0x0000000711000000|100%| S|CS|TAMS 0x0000000710e00000| PB 0x0000000710e00000| Complete |  0
|  91|0x0000000711000000, 0x0000000711200000, 0x0000000711200000|100%| S|CS|TAMS 0x0000000711000000| PB 0x0000000711000000| Complete |  0
| 125|0x0000000715400000, 0x0000000715600000, 0x0000000715600000|100%| E|CS|TAMS 0x0000000715400000| PB 0x0000000715400000| Complete |  0
|2002|0x00000007ffe00000, 0x00000007fff1d3c0, 0x0000000800000000| 55%| O|Cm|TAMS 0x00000007ffe00000| PB 0x00000007ffe00000| Complete |  0

Card table byte_map: [0x00000287322e0000,0x0000028732ac0000] _byte_map_base: 0x000002872eab3000

Marking Bits: (CMBitMap*) 0x0000028719c56c70
 Bits: [0x0000028732ac0000, 0x0000028736958000)

Polling page: 0x0000028717ac0000

Metaspace:

Usage:
  Non-class:     20.46 MB used.
      Class:      2.83 MB used.
       Both:     23.29 MB used.

Virtual space:
  Non-class space:       64.00 MB reserved,      20.69 MB ( 32%) committed,  1 nodes.
      Class space:        1.00 GB reserved,       3.00 MB ( <1%) committed,  1 nodes.
             Both:        1.06 GB reserved,      23.69 MB (  2%) committed. 

Chunk freelists:
   Non-Class:  10.98 MB
       Class:  13.04 MB
        Both:  24.02 MB

MaxMetaspaceSize: unlimited
CompressedClassSpaceSize: 1.00 GB
Initial GC threshold: 21.00 MB
Current GC threshold: 35.12 MB
CDS: on
 - commit_granule_bytes: 65536.
 - commit_granule_words: 8192.
 - virtual_space_node_default_size: 8388608.
 - enlarge_chunks_in_place: 1.
UseCompressedClassPointers 1, UseCompactObjectHeaders 0
Narrow klass pointer bits 32, Max shift 3
Narrow klass base: 0x000002873a000000, Narrow klass shift: 0
Encoding Range: [0x000002873a000000 - 0x000002883a000000), (4294967296 bytes)
Klass Range:    [0x000002873a000000 - 0x000002877b000000), (1090519040 bytes)
Klass ID Range:  [8 - 1090519033) (1090519025)


Internal statistics:

num_allocs_failed_limit: 3.
num_arena_births: 390.
num_arena_deaths: 0.
num_vsnodes_births: 2.
num_vsnodes_deaths: 0.
num_space_committed: 379.
num_space_uncommitted: 0.
num_chunks_returned_to_freelist: 3.
num_chunks_taken_from_freelist: 1019.
num_chunk_merges: 3.
num_chunk_splits: 686.
num_chunks_enlarged: 509.
num_inconsistent_stats: 0.

CodeHeap 'non-profiled nmethods': size=120064Kb used=2029Kb max_used=2029Kb free=118035Kb
 bounds [0x0000028729f60000, 0x000002872a1d0000, 0x00000287314a0000]
CodeHeap 'profiled nmethods': size=120000Kb used=8657Kb max_used=8657Kb free=111342Kb
 bounds [0x00000287224a0000, 0x0000028722d20000, 0x00000287299d0000]
CodeHeap 'non-nmethods': size=5696Kb used=1699Kb max_used=1808Kb free=3996Kb
 bounds [0x00000287299d0000, 0x0000028729c40000, 0x0000028729f60000]
CodeCache: size=245760Kb, used=12385Kb, max_used=12494Kb, free=233373Kb
 total_blobs=6066, nmethods=5197, adapters=772, full_count=0
Compilation: enabled, stopped_count=0, restarted_count=0

Compilation events (20 events):
Event: 59.434 Thread 0x00000287391aa5b0 nmethod 5220 0x000002872a156a88 code [0x000002872a156b80, 0x000002872a156c48]
Event: 59.435 Thread 0x00000287391aa5b0 5221       1       jdk.jfr.internal.PlatformEventType::isEnabled (5 bytes)
Event: 59.436 Thread 0x00000287391aa5b0 nmethod 5221 0x000002872a156d88 code [0x000002872a156e80, 0x000002872a156f48]
Event: 59.437 Thread 0x0000028708ff7e80 nmethod 5204 0x000002872a157088 code [0x000002872a1571a0, 0x000002872a157798]
Event: 59.441 Thread 0x0000028708ff7e80 5205       4       java.util.LinkedHashMap::afterNodeInsertion (40 bytes)
Event: 59.445 Thread 0x00000287391aa5b0 5223       3       java.util.ArrayList::<init> (65 bytes)
Event: 59.446 Thread 0x0000028708ff7e80 nmethod 5205 0x000002872a157808 code [0x000002872a157900, 0x000002872a157990]
Event: 59.448 Thread 0x00000287391aa5b0 nmethod 5223 0x0000028722d13188 code [0x0000028722d13300, 0x0000028722d13940]
Event: 59.449 Thread 0x00000287391aa5b0 5225       3       java.util.Comparator$$Lambda/0x000002873b167ec8::compare (10 bytes)
Event: 59.450 Thread 0x0000028708ff7e80 5200  s    4       java.io.DataOutputStream::write (14 bytes)
Event: 59.451 Thread 0x00000287391aa5b0 nmethod 5225 0x0000028722d13988 code [0x0000028722d13ae0, 0x0000028722d13f58]
Event: 59.452 Thread 0x00000287391aa5b0 5226       3       java.util.Comparator::lambda$comparingLong$6043328a$1 (18 bytes)
Event: 59.454 Thread 0x00000287391aa5b0 nmethod 5226 0x0000028722d13f88 code [0x0000028722d140e0, 0x0000028722d144c0]
Event: 59.454 Thread 0x0000028708d11820 nmethod 5209 0x000002872a157b08 code [0x000002872a157c20, 0x000002872a157de0]
Event: 59.455 Thread 0x00000287391aa5b0 5224       1       jdk.jfr.internal.periodic.PeriodicTask::getPeriod (5 bytes)
Event: 59.456 Thread 0x00000287391aa5b0 nmethod 5224 0x000002872a157e08 code [0x000002872a157f00, 0x000002872a157fc8]
Event: 59.456 Thread 0x00000287391aa5b0 5222       1       jdk.jfr.internal.periodic.EventTask::getEventType (5 bytes)
Event: 59.457 Thread 0x00000287391aa5b0 nmethod 5222 0x000002872a158108 code [0x000002872a158200, 0x000002872a1582c8]
Event: 59.458 Thread 0x0000028708ff7e80 nmethod 5200 0x000002872a158408 code [0x000002872a158520, 0x000002872a158998]
Event: 59.469 Thread 0x00000287391a4430 nmethod 5194 0x000002872a158a08 code [0x000002872a158ca0, 0x000002872a15b300]

GC Heap History (4 events):
Event: 1.988 GC heap before
{Heap before GC invocations=0 (full 0):
 garbage-first heap   total reserved 4102144K, committed 260096K, used 48244K [0x0000000705a00000, 0x0000000800000000)
  region size 2048K, 24 young (49152K), 0 survivors (0K)
 Metaspace       used 12136K, committed 12352K, reserved 1114112K
  class space    used 1197K, committed 1280K, reserved 1048576K
}
Event: 2.003 GC heap after
{Heap after GC invocations=1 (full 0):
 garbage-first heap   total reserved 4102144K, committed 260096K, used 5647K [0x0000000705a00000, 0x0000000800000000)
  region size 2048K, 3 young (6144K), 3 survivors (6144K)
 Metaspace       used 12136K, committed 12352K, reserved 1114112K
  class space    used 1197K, committed 1280K, reserved 1048576K
}
Event: 11.117 GC heap before
{Heap before GC invocations=1 (full 0):
 garbage-first heap   total reserved 4102144K, committed 260096K, used 69135K [0x0000000705a00000, 0x0000000800000000)
  region size 2048K, 34 young (69632K), 3 survivors (6144K)
 Metaspace       used 21207K, committed 21504K, reserved 1114112K
  class space    used 2711K, committed 2816K, reserved 1048576K
}
Event: 11.131 GC heap after
{Heap after GC invocations=2 (full 0):
 garbage-first heap   total reserved 4102144K, committed 260096K, used 13263K [0x0000000705a00000, 0x0000000800000000)
  region size 2048K, 5 young (10240K), 5 survivors (10240K)
 Metaspace       used 21207K, committed 21504K, reserved 1114112K
  class space    used 2711K, committed 2816K, reserved 1048576K
}

Dll operation events (20 events):
Event: 1.081 Loaded shared library C:\Users\fgfga\.openjfx\cache\17.0.6\api-ms-win-crt-locale-l1-1-0.dll
Event: 1.089 Loaded shared library C:\Users\fgfga\.openjfx\cache\17.0.6\api-ms-win-crt-math-l1-1-0.dll
Event: 1.095 Loaded shared library C:\Users\fgfga\.openjfx\cache\17.0.6\api-ms-win-crt-multibyte-l1-1-0.dll
Event: 1.104 Loaded shared library C:\Users\fgfga\.openjfx\cache\17.0.6\api-ms-win-crt-private-l1-1-0.dll
Event: 1.110 Loaded shared library C:\Users\fgfga\.openjfx\cache\17.0.6\api-ms-win-crt-process-l1-1-0.dll
Event: 1.116 Loaded shared library C:\Users\fgfga\.openjfx\cache\17.0.6\api-ms-win-crt-runtime-l1-1-0.dll
Event: 1.123 Loaded shared library C:\Users\fgfga\.openjfx\cache\17.0.6\api-ms-win-crt-stdio-l1-1-0.dll
Event: 1.130 Loaded shared library C:\Users\fgfga\.openjfx\cache\17.0.6\api-ms-win-crt-string-l1-1-0.dll
Event: 1.140 Loaded shared library C:\Users\fgfga\.openjfx\cache\17.0.6\api-ms-win-crt-time-l1-1-0.dll
Event: 1.151 Loaded shared library C:\Users\fgfga\.openjfx\cache\17.0.6\api-ms-win-crt-utility-l1-1-0.dll
Event: 1.186 Loaded shared library C:\Users\fgfga\.openjfx\cache\17.0.6\ucrtbase.dll
Event: 1.195 Loaded shared library C:\Users\fgfga\.openjfx\cache\17.0.6\vcruntime140.dll
Event: 1.202 Loaded shared library C:\Users\fgfga\.openjfx\cache\17.0.6\vcruntime140_1.dll
Event: 1.219 Loaded shared library C:\Users\fgfga\.openjfx\cache\17.0.6\msvcp140.dll
Event: 1.223 Loaded shared library C:\Users\fgfga\.openjfx\cache\17.0.6\msvcp140_1.dll
Event: 1.231 Loaded shared library C:\Users\fgfga\.openjfx\cache\17.0.6\msvcp140_2.dll
Event: 1.367 Loaded shared library C:\Users\fgfga\.openjfx\cache\17.0.6\prism_d3d.dll
Event: 1.495 Loaded shared library C:\Users\fgfga\.openjfx\cache\17.0.6\glass.dll
Event: 2.089 Loaded shared library C:\Users\fgfga\.openjfx\cache\17.0.6\javafx_font.dll
Event: 58.845 Loaded shared library C:\Users\fgfga\AppData\Local\Temp\idea_libasyncProfiler_dll_temp_folder\libasyncProfiler.dll

Deoptimization events (20 events):
Event: 58.905 Thread 0x00000287391a1e40 Uncommon trap: trap_request=0xffffff4d fr.pc=0x0000028729fed88c relative=0x0000000000000cac
Event: 58.905 Thread 0x00000287391a1e40 Uncommon trap: reason=unstable_if action=reinterpret pc=0x0000028729fed88c method=java.util.concurrent.ConcurrentHashMap.putVal(Ljava/lang/Object;Ljava/lang/Object;Z)Ljava/lang/Object; @ 256 c2
Event: 58.906 Thread 0x00000287391a1e40 DEOPT PACKING pc=0x0000028729fed88c sp=0x000000c3eb0fe4a0
Event: 58.906 Thread 0x00000287391a1e40 DEOPT UNPACKING pc=0x0000028729ae5802 sp=0x000000c3eb0fe408 mode 2
Event: 58.955 Thread 0x00000287391a1e40 Uncommon trap: trap_request=0xffffff4d fr.pc=0x000002872a00bd64 relative=0x0000000000001844
Event: 58.955 Thread 0x00000287391a1e40 Uncommon trap: reason=unstable_if action=reinterpret pc=0x000002872a00bd64 method=java.lang.PublicMethods$MethodList.merge(Ljava/lang/PublicMethods$MethodList;Ljava/lang/PublicMethods$MethodList;)Ljava/lang/PublicMethods$MethodList; @ 3 c2
Event: 58.955 Thread 0x00000287391a1e40 DEOPT PACKING pc=0x000002872a00bd64 sp=0x000000c3eb0fbf10
Event: 58.955 Thread 0x00000287391a1e40 DEOPT UNPACKING pc=0x0000028729ae5802 sp=0x000000c3eb0fbe60 mode 2
Event: 58.993 Thread 0x00000287391a1e40 Uncommon trap: trap_request=0xffffff4d fr.pc=0x000002872a021a84 relative=0x0000000000000084
Event: 58.993 Thread 0x00000287391a1e40 Uncommon trap: reason=unstable_if action=reinterpret pc=0x000002872a021a84 method=java.lang.StringLatin1.trim([B)Ljava/lang/String; @ 19 c2
Event: 58.993 Thread 0x00000287391a1e40 DEOPT PACKING pc=0x000002872a021a84 sp=0x000000c3eb0fda40
Event: 58.993 Thread 0x00000287391a1e40 DEOPT UNPACKING pc=0x0000028729ae5802 sp=0x000000c3eb0fd9d0 mode 2
Event: 59.021 Thread 0x00000287391a1e40 Uncommon trap: trap_request=0xffffff4d fr.pc=0x000002872a011dcc relative=0x000000000000418c
Event: 59.021 Thread 0x00000287391a1e40 Uncommon trap: reason=unstable_if action=reinterpret pc=0x000002872a011dcc method=jdk.internal.classfile.impl.StackMapGenerator.processBlock(Ljdk/internal/classfile/impl/RawBytecodeHelper;)Z @ 56 c2
Event: 59.021 Thread 0x00000287391a1e40 DEOPT PACKING pc=0x000002872a011dcc sp=0x000000c3eb0fbf60
Event: 59.021 Thread 0x00000287391a1e40 DEOPT UNPACKING pc=0x0000028729ae5802 sp=0x000000c3eb0fbed8 mode 2
Event: 59.165 Thread 0x00000287391a1e40 Uncommon trap: trap_request=0xffffff4d fr.pc=0x0000028729fcc04c relative=0x000000000000028c
Event: 59.165 Thread 0x00000287391a1e40 Uncommon trap: reason=unstable_if action=reinterpret pc=0x0000028729fcc04c method=java.util.concurrent.ConcurrentHashMap.get(Ljava/lang/Object;)Ljava/lang/Object; @ 76 c2
Event: 59.166 Thread 0x00000287391a1e40 DEOPT PACKING pc=0x0000028729fcc04c sp=0x000000c3eb0fe400
Event: 59.166 Thread 0x00000287391a1e40 DEOPT UNPACKING pc=0x0000028729ae5802 sp=0x000000c3eb0fe378 mode 2

Classes loaded (20 events):
Event: 59.375 Loading class jdk/jfr/internal/MetadataWriter
Event: 59.375 Loading class jdk/jfr/internal/MetadataWriter done
Event: 59.375 Loading class jdk/jfr/internal/MetadataDescriptor$Element
Event: 59.375 Loading class jdk/jfr/internal/MetadataDescriptor$Element done
Event: 59.376 Loading class jdk/jfr/internal/MetadataDescriptor$Attribute
Event: 59.376 Loading class jdk/jfr/internal/MetadataDescriptor$Attribute done
Event: 59.390 Loading class jdk/jfr/internal/consumer/StringParser$Encoding
Event: 59.391 Loading class jdk/jfr/internal/consumer/StringParser$Encoding done
Event: 59.413 Loading class jdk/jfr/internal/consumer/RepositoryFiles
Event: 59.413 Loading class jdk/jfr/internal/consumer/RepositoryFiles done
Event: 59.423 Loading class jdk/jfr/internal/SettingsManager$InternalSetting
Event: 59.423 Loading class jdk/jfr/internal/SettingsManager$InternalSetting done
Event: 59.426 Loading class jdk/jfr/internal/util/Rate
Event: 59.426 Loading class jdk/jfr/internal/util/Rate done
Event: 59.427 Loading class jdk/jfr/internal/util/TimespanUnit
Event: 59.427 Loading class jdk/jfr/internal/util/TimespanUnit done
Event: 59.428 Loading class jdk/jfr/internal/util/ValueParser
Event: 59.428 Loading class jdk/jfr/internal/util/ValueParser done
Event: 59.432 Loading class jdk/jfr/internal/periodic/PeriodicType
Event: 59.432 Loading class jdk/jfr/internal/periodic/PeriodicType done

Classes unloaded (0 events):
No events

Classes redefined (0 events):
No events

Internal exceptions (20 events):
Event: 3.841 Thread 0x000002877f641050 Exception <a 'java/lang/NoSuchMethodError'{0x0000000711d6e268}: 'java.lang.Object java.lang.invoke.DirectMethodHandle$Holder.newInvokeSpecial(java.lang.Object, java.lang.Object, int)'> (0x0000000711d6e268) 
thrown [s\open\src\hotspot\share\interpreter\linkResolver.cpp, line 805]
Event: 3.976 Thread 0x000002877f641050 Exception <a 'java/lang/NoSuchMethodError'{0x0000000711b00720}: 'long java.lang.invoke.DirectMethodHandle$Holder.invokeStatic(java.lang.Object, java.lang.Object, java.lang.Object)'> (0x0000000711b00720) 
thrown [s\open\src\hotspot\share\interpreter\linkResolver.cpp, line 805]
Event: 3.978 Thread 0x000002877f641050 Exception <a 'java/lang/NoSuchMethodError'{0x0000000711b08580}: 'long java.lang.invoke.DirectMethodHandle$Holder.invokeStaticInit(java.lang.Object, java.lang.Object, java.lang.Object)'> (0x0000000711b08580) 
thrown [s\open\src\hotspot\share\interpreter\linkResolver.cpp, line 805]
Event: 3.982 Thread 0x000002877f63fa60 Exception <a 'java/lang/NoSuchMethodError'{0x0000000711b321d8}: 'int java.lang.invoke.DirectMethodHandle$Holder.invokeStaticInit(java.lang.Object, java.lang.Object)'> (0x0000000711b321d8) 
thrown [s\open\src\hotspot\share\interpreter\linkResolver.cpp, line 805]
Event: 3.985 Thread 0x000002877f641050 Exception <a 'java/lang/NoSuchMethodError'{0x0000000711bc2408}: 'java.lang.Object java.lang.invoke.DirectMethodHandle$Holder.newInvokeSpecial(java.lang.Object, java.lang.Object, long)'> (0x0000000711bc2408) 
thrown [s\open\src\hotspot\share\interpreter\linkResolver.cpp, line 805]
Event: 4.209 Thread 0x000002877f63fa60 Exception <a 'java/lang/NoSuchMethodError'{0x0000000711407658}: 'java.lang.Object java.lang.invoke.DirectMethodHandle$Holder.invokeStaticInit(java.lang.Object, int)'> (0x0000000711407658) 
thrown [s\open\src\hotspot\share\interpreter\linkResolver.cpp, line 805]
Event: 7.467 Thread 0x000002877f641050 Implicit null exception at 0x000002872a03c9ed to 0x000002872a03d290
Event: 30.157 Thread 0x000002877f641050 Implicit null exception at 0x000002872a10059b to 0x000002872a1025d4
Event: 40.724 Thread 0x000002877f641050 Exception <a 'java/net/BindException'{0x0000000707446c70}: Address already in use: bind> (0x0000000707446c70) 
thrown [s\open\src\hotspot\share\prims\jni.cpp, line 536]
Event: 49.759 Thread 0x000002877f641050 Exception <a 'java/lang/NoSuchMethodError'{0x00000007072227b8}: 'java.lang.Object java.lang.invoke.DirectMethodHandle$Holder.newInvokeSpecial(java.lang.Object, java.lang.Object, int, int, int, int, int, java.lang.Object)'> (0x00000007072227b8) 
thrown [s\open\src\hotspot\share\interpreter\linkResolver.cpp, line 805]
Event: 49.761 Thread 0x000002877f641050 Exception <a 'java/lang/NoSuchMethodError'{0x000000070724afe8}: 'java.lang.Object java.lang.invoke.DirectMethodHandle$Holder.newInvokeSpecial(java.lang.Object, java.lang.Object, java.lang.Object, int, int, int, int, int)'> (0x000000070724afe8) 
thrown [s\open\src\hotspot\share\interpreter\linkResolver.cpp, line 805]
Event: 49.762 Thread 0x000002877f641050 Exception <a 'java/lang/NoSuchMethodError'{0x000000070725b330}: 'java.lang.Object java.lang.invoke.Invokers$Holder.linkToTargetMethod(java.lang.Object, java.lang.Object, int, int, int, int, int, java.lang.Object)'> (0x000000070725b330) 
thrown [s\open\src\hotspot\share\interpreter\linkResolver.cpp, line 805]
Event: 58.886 Thread 0x00000287391a1e40 Exception <a 'sun/nio/fs/WindowsException'{0x00000007070c4350}> (0x00000007070c4350) 
thrown [s\open\src\hotspot\share\prims\jni.cpp, line 518]
Event: 59.017 Thread 0x00000287391a1e40 Exception <a 'java/lang/NoSuchMethodError'{0x0000000706edeae8}: 'int java.lang.invoke.DirectMethodHandle$Holder.invokeStatic(java.lang.Object, java.lang.Object, java.lang.Object, java.lang.Object)'> (0x0000000706edeae8) 
thrown [s\open\src\hotspot\share\interpreter\linkResolver.cpp, line 805]
Event: 59.328 Thread 0x00000287391a1e40 Exception <a 'java/lang/NoSuchMethodError'{0x0000000706adb0a0}: 'void java.lang.invoke.DirectMethodHandle$Holder.invokeSpecial(java.lang.Object, java.lang.Object, int)'> (0x0000000706adb0a0) 
thrown [s\open\src\hotspot\share\interpreter\linkResolver.cpp, line 805]
Event: 59.330 Thread 0x00000287391a1e40 Exception <a 'java/lang/NoSuchMethodError'{0x0000000706ae2cb0}: 'void java.lang.invoke.Invokers$Holder.invokeExact_MT(java.lang.Object, int, java.lang.Object)'> (0x0000000706ae2cb0) 
thrown [s\open\src\hotspot\share\interpreter\linkResolver.cpp, line 805]
Event: 59.341 Thread 0x00000287391a1e40 Exception <a 'java/lang/NoSuchMethodError'{0x0000000706afcd28}: 'void java.lang.invoke.DirectMethodHandle$Holder.invokeStatic(java.lang.Object, java.lang.Object, int)'> (0x0000000706afcd28) 
thrown [s\open\src\hotspot\share\interpreter\linkResolver.cpp, line 805]
Event: 59.365 Thread 0x00000287391a1e40 Exception <a 'sun/nio/fs/WindowsException'{0x0000000706b396f0}> (0x0000000706b396f0) 
thrown [s\open\src\hotspot\share\prims\jni.cpp, line 518]
Event: 59.368 Thread 0x00000287391a1e40 Exception <a 'sun/nio/fs/WindowsException'{0x0000000706b46488}> (0x0000000706b46488) 
thrown [s\open\src\hotspot\share\prims\jni.cpp, line 518]
Event: 59.372 Thread 0x00000287391a1e40 Exception <a 'sun/nio/fs/WindowsException'{0x0000000706b58120}> (0x0000000706b58120) 
thrown [s\open\src\hotspot\share\prims\jni.cpp, line 518]

VM Operations (20 events):
Event: 1.478 Executing VM operation: HandshakeAllThreads (Deoptimize)
Event: 1.478 Executing VM operation: HandshakeAllThreads (Deoptimize) done
Event: 1.873 Executing VM operation: HandshakeAllThreads (Deoptimize)
Event: 1.873 Executing VM operation: HandshakeAllThreads (Deoptimize) done
Event: 1.988 Executing VM operation: G1CollectForAllocation (G1 Evacuation Pause)
Event: 2.004 Executing VM operation: G1CollectForAllocation (G1 Evacuation Pause) done
Event: 2.094 Executing VM operation: HandshakeAllThreads (Deoptimize)
Event: 2.094 Executing VM operation: HandshakeAllThreads (Deoptimize) done
Event: 3.107 Executing VM operation: HandshakeAllThreads (Deoptimize)
Event: 3.107 Executing VM operation: HandshakeAllThreads (Deoptimize) done
Event: 11.117 Executing VM operation: CollectForMetadataAllocation (Metadata GC Threshold)
Event: 11.131 Executing VM operation: CollectForMetadataAllocation (Metadata GC Threshold) done
Event: 11.138 Executing VM operation: G1PauseRemark
Event: 11.141 Executing VM operation: G1PauseRemark done
Event: 11.143 Executing VM operation: G1PauseCleanup
Event: 11.143 Executing VM operation: G1PauseCleanup done
Event: 23.895 Executing VM operation: HandshakeAllThreads (Deoptimize)
Event: 23.895 Executing VM operation: HandshakeAllThreads (Deoptimize) done
Event: 59.414 Executing VM operation: JFRSafepointClear
Event: 59.414 Executing VM operation: JFRSafepointClear done

Memory protections (0 events):
No events

Nmethod flushes (0 events):
No events

Events (20 events):
Event: 1.339 Thread 0x0000028719beabb0 Thread added: 0x000002877f63fa60
Event: 1.498 Thread 0x0000028719beabb0 Thread added: 0x000002877f63e470
Event: 1.513 Thread 0x0000028719beabb0 Thread added: 0x000002877f641050
Event: 1.689 Thread 0x0000028739804600 Thread exited: 0x0000028739804600
Event: 1.691 Thread 0x0000028739712130 Thread exited: 0x0000028739712130
Event: 1.748 Thread 0x0000028719beabb0 Thread added: 0x0000028705db84c0
Event: 1.754 Thread 0x0000028705db6030 Thread added: 0x0000028705db6030
Event: 2.103 Thread 0x00000287391aa5b0 Thread added: 0x0000028705d96900
Event: 2.106 Thread 0x00000287391a4430 Thread added: 0x000002870099d2b0
Event: 2.978 Thread 0x000002877f641050 Thread added: 0x0000028705db3ba0
Event: 4.099 Thread 0x000002870099d2b0 Thread exited: 0x000002870099d2b0
Event: 4.118 Thread 0x000002877f63fa60 Thread added: 0x0000028705db5190
Event: 4.507 Thread 0x0000028705d96900 Thread exited: 0x0000028705d96900
Event: 5.042 Thread 0x000002877f63dd20 Thread added: 0x0000028705db8c10
Event: 7.360 Thread 0x00000287391a4430 Thread added: 0x000002877f482820
Event: 7.741 Thread 0x000002877f482820 Thread exited: 0x000002877f482820
Event: 58.869 Thread 0x00000287391aa5b0 Thread added: 0x0000028708ff7e80
Event: 58.919 Thread 0x00000287391a1e40 Thread added: 0x0000028705db6780
Event: 59.053 Thread 0x0000028708ff7e80 Thread added: 0x0000028708d11820
Event: 59.345 Thread 0x00000287391a1e40 Thread added: 0x0000028705db7d70


Dynamic libraries:
0x00007ff717b00000 - 0x00007ff717b10000 	C:\Program Files\Java\jdk-24\bin\java.exe
0x00007ff9b3d80000 - 0x00007ff9b3f89000 	C:\WINDOWS\SYSTEM32\ntdll.dll
0x00007ff9b2ac0000 - 0x00007ff9b2b7d000 	C:\WINDOWS\System32\KERNEL32.DLL
0x00007ff9b1510000 - 0x00007ff9b1894000 	C:\WINDOWS\System32\KERNELBASE.dll
0x00007ff9b1210000 - 0x00007ff9b1321000 	C:\WINDOWS\System32\ucrtbase.dll
0x00007ff9957f0000 - 0x00007ff99580b000 	C:\Program Files\Java\jdk-24\bin\VCRUNTIME140.dll
0x00007ff994ca0000 - 0x00007ff994cb6000 	C:\Program Files\Java\jdk-24\bin\jli.dll
0x00007ff9b2e60000 - 0x00007ff9b300d000 	C:\WINDOWS\System32\USER32.dll
0x00007ff9b1a40000 - 0x00007ff9b1a66000 	C:\WINDOWS\System32\win32u.dll
0x00007ff995110000 - 0x00007ff9953b5000 	C:\WINDOWS\WinSxS\amd64_microsoft.windows.common-controls_6595b64144ccf1df_6.0.22000.120_none_9d947278b86cc467\COMCTL32.dll
0x00007ff9b2a90000 - 0x00007ff9b2aba000 	C:\WINDOWS\System32\GDI32.dll
0x00007ff9b18a0000 - 0x00007ff9b19be000 	C:\WINDOWS\System32\gdi32full.dll
0x00007ff9b3840000 - 0x00007ff9b38e3000 	C:\WINDOWS\System32\msvcrt.dll
0x00007ff9b1b30000 - 0x00007ff9b1bcd000 	C:\WINDOWS\System32\msvcp_win.dll
0x00007ff9b2960000 - 0x00007ff9b2991000 	C:\WINDOWS\System32\IMM32.DLL
0x00007ff9add70000 - 0x00007ff9add7c000 	C:\Program Files\Java\jdk-24\bin\vcruntime140_1.dll
0x00007ff9887f0000 - 0x00007ff98887e000 	C:\Program Files\Java\jdk-24\bin\msvcp140.dll
0x00007ff9600a0000 - 0x00007ff960e42000 	C:\Program Files\Java\jdk-24\bin\server\jvm.dll
0x00007ff9b3910000 - 0x00007ff9b39be000 	C:\WINDOWS\System32\ADVAPI32.dll
0x00007ff9b3ca0000 - 0x00007ff9b3d3e000 	C:\WINDOWS\System32\sechost.dll
0x00007ff9b1c60000 - 0x00007ff9b1d81000 	C:\WINDOWS\System32\RPCRT4.dll
0x00007ff9b1bd0000 - 0x00007ff9b1c3f000 	C:\WINDOWS\System32\WS2_32.dll
0x00007ff9afc70000 - 0x00007ff9afcbd000 	C:\WINDOWS\SYSTEM32\POWRPROF.dll
0x00007ff9adf40000 - 0x00007ff9adf73000 	C:\WINDOWS\SYSTEM32\WINMM.dll
0x00007ff9a76e0000 - 0x00007ff9a76ea000 	C:\WINDOWS\SYSTEM32\VERSION.dll
0x00007ff9afc10000 - 0x00007ff9afc23000 	C:\WINDOWS\SYSTEM32\UMPDC.dll
0x00007ff9b0370000 - 0x00007ff9b0388000 	C:\WINDOWS\SYSTEM32\kernel.appcore.dll
0x00007ff9add30000 - 0x00007ff9add3a000 	C:\Program Files\Java\jdk-24\bin\jimage.dll
0x00007ff9aebd0000 - 0x00007ff9aedf1000 	C:\WINDOWS\SYSTEM32\DBGHELP.DLL
0x00007ff9a08d0000 - 0x00007ff9a0901000 	C:\WINDOWS\SYSTEM32\dbgcore.DLL
0x00007ff9b19c0000 - 0x00007ff9b1a3f000 	C:\WINDOWS\System32\bcryptPrimitives.dll
0x00007ff9a0670000 - 0x00007ff9a067f000 	C:\Program Files\Java\jdk-24\bin\instrument.dll
0x00007ff98f990000 - 0x00007ff98f9ae000 	C:\Program Files\Java\jdk-24\bin\java.dll
0x00007ff9b2cc0000 - 0x00007ff9b2e5a000 	C:\WINDOWS\System32\ole32.dll
0x00007ff9b2450000 - 0x00007ff9b27c6000 	C:\WINDOWS\System32\combase.dll
0x00007ff9b3010000 - 0x00007ff9b37d5000 	C:\WINDOWS\System32\SHELL32.dll
0x00007ff9af2e0000 - 0x00007ff9afb42000 	C:\WINDOWS\SYSTEM32\windows.storage.dll
0x00007ff9af170000 - 0x00007ff9af2d7000 	C:\WINDOWS\SYSTEM32\wintypes.dll
0x00007ff9b27d0000 - 0x00007ff9b28ba000 	C:\WINDOWS\System32\SHCORE.dll
0x00007ff9b2c60000 - 0x00007ff9b2cbd000 	C:\WINDOWS\System32\shlwapi.dll
0x00007ff9b1140000 - 0x00007ff9b1165000 	C:\WINDOWS\SYSTEM32\profapi.dll
0x00007ff988710000 - 0x00007ff9887e7000 	C:\Program Files\Java\jdk-24\bin\jsvml.dll
0x00007ff9955a0000 - 0x00007ff9955b0000 	C:\Program Files\Java\jdk-24\bin\net.dll
0x00007ff9b0820000 - 0x00007ff9b0887000 	C:\WINDOWS\system32\mswsock.dll
0x00007ff98cd10000 - 0x00007ff98cd26000 	C:\Program Files\Java\jdk-24\bin\nio.dll
0x00007ff98c410000 - 0x00007ff98c427000 	C:\Program Files\Java\jdk-24\bin\zip.dll
0x00007ff9afec0000 - 0x00007ff9affa7000 	C:\WINDOWS\SYSTEM32\DNSAPI.dll
0x00007ff9afe90000 - 0x00007ff9afebd000 	C:\WINDOWS\SYSTEM32\IPHLPAPI.DLL
0x00007ff9b1c40000 - 0x00007ff9b1c49000 	C:\WINDOWS\System32\NSI.dll
0x0000000055e70000 - 0x0000000055e7b000 	C:\Program Files\National Instruments\Shared\mDNS Responder\nimdnsNSP.dll
0x0000000055e50000 - 0x0000000055e61000 	C:\WINDOWS\SYSTEM32\nimdnsResponder.dll
0x00007ff9a5c30000 - 0x00007ff9a5c3a000 	C:\Windows\System32\rasadhlp.dll
0x00007ff9a7420000 - 0x00007ff9a74a1000 	C:\WINDOWS\System32\fwpuclnt.dll
0x00007ff995540000 - 0x00007ff99554a000 	C:\Program Files\Java\jdk-24\bin\management.dll
0x00007ff992a40000 - 0x00007ff992a4b000 	C:\Program Files\Java\jdk-24\bin\management_ext.dll
0x00007ff9b2440000 - 0x00007ff9b2448000 	C:\WINDOWS\System32\PSAPI.DLL
0x0000028739f90000 - 0x0000028739f93000 	C:\Users\fgfga\.openjfx\cache\17.0.6\api-ms-win-core-console-l1-1-0.dll
0x0000028739fa0000 - 0x0000028739fa3000 	C:\Users\fgfga\.openjfx\cache\17.0.6\api-ms-win-core-console-l1-2-0.dll
0x0000028739fb0000 - 0x0000028739fb3000 	C:\Users\fgfga\.openjfx\cache\17.0.6\api-ms-win-core-datetime-l1-1-0.dll
0x0000028739e70000 - 0x0000028739e73000 	C:\Users\fgfga\.openjfx\cache\17.0.6\api-ms-win-core-debug-l1-1-0.dll
0x0000028739e80000 - 0x0000028739e83000 	C:\Users\fgfga\.openjfx\cache\17.0.6\api-ms-win-core-errorhandling-l1-1-0.dll
0x0000028739e90000 - 0x0000028739e94000 	C:\Users\fgfga\.openjfx\cache\17.0.6\api-ms-win-core-file-l1-1-0.dll
0x0000028739ea0000 - 0x0000028739ea3000 	C:\Users\fgfga\.openjfx\cache\17.0.6\api-ms-win-core-file-l1-2-0.dll
0x0000028739eb0000 - 0x0000028739eb3000 	C:\Users\fgfga\.openjfx\cache\17.0.6\api-ms-win-core-file-l2-1-0.dll
0x0000028739ec0000 - 0x0000028739ec3000 	C:\Users\fgfga\.openjfx\cache\17.0.6\api-ms-win-core-handle-l1-1-0.dll
0x0000028739ed0000 - 0x0000028739ed3000 	C:\Users\fgfga\.openjfx\cache\17.0.6\api-ms-win-core-heap-l1-1-0.dll
0x0000028739ee0000 - 0x0000028739ee3000 	C:\Users\fgfga\.openjfx\cache\17.0.6\api-ms-win-core-interlocked-l1-1-0.dll
0x0000028739ef0000 - 0x0000028739ef3000 	C:\Users\fgfga\.openjfx\cache\17.0.6\api-ms-win-core-libraryloader-l1-1-0.dll
0x0000028739f00000 - 0x0000028739f03000 	C:\Users\fgfga\.openjfx\cache\17.0.6\api-ms-win-core-localization-l1-2-0.dll
0x0000028739f10000 - 0x0000028739f13000 	C:\Users\fgfga\.openjfx\cache\17.0.6\api-ms-win-core-memory-l1-1-0.dll
0x0000028700fd0000 - 0x0000028700fd3000 	C:\Users\fgfga\.openjfx\cache\17.0.6\api-ms-win-core-namedpipe-l1-1-0.dll
0x0000028700fe0000 - 0x0000028700fe3000 	C:\Users\fgfga\.openjfx\cache\17.0.6\api-ms-win-core-processenvironment-l1-1-0.dll
0x0000028700ff0000 - 0x0000028700ff3000 	C:\Users\fgfga\.openjfx\cache\17.0.6\api-ms-win-core-processthreads-l1-1-0.dll
0x0000028701000000 - 0x0000028701003000 	C:\Users\fgfga\.openjfx\cache\17.0.6\api-ms-win-core-processthreads-l1-1-1.dll
0x0000028701010000 - 0x0000028701013000 	C:\Users\fgfga\.openjfx\cache\17.0.6\api-ms-win-core-profile-l1-1-0.dll
0x0000028701020000 - 0x0000028701023000 	C:\Users\fgfga\.openjfx\cache\17.0.6\api-ms-win-core-rtlsupport-l1-1-0.dll
0x0000028701030000 - 0x0000028701033000 	C:\Users\fgfga\.openjfx\cache\17.0.6\api-ms-win-core-string-l1-1-0.dll
0x0000028701040000 - 0x0000028701043000 	C:\Users\fgfga\.openjfx\cache\17.0.6\api-ms-win-core-synch-l1-1-0.dll
0x0000028701050000 - 0x0000028701053000 	C:\Users\fgfga\.openjfx\cache\17.0.6\api-ms-win-core-synch-l1-2-0.dll
0x0000028701060000 - 0x0000028701063000 	C:\Users\fgfga\.openjfx\cache\17.0.6\api-ms-win-core-sysinfo-l1-1-0.dll
0x0000028701070000 - 0x0000028701073000 	C:\Users\fgfga\.openjfx\cache\17.0.6\api-ms-win-core-timezone-l1-1-0.dll
0x0000028701080000 - 0x0000028701083000 	C:\Users\fgfga\.openjfx\cache\17.0.6\api-ms-win-core-util-l1-1-0.dll
0x0000028701090000 - 0x0000028701093000 	C:\Users\fgfga\.openjfx\cache\17.0.6\api-ms-win-crt-conio-l1-1-0.dll
0x00000287010a0000 - 0x00000287010a4000 	C:\Users\fgfga\.openjfx\cache\17.0.6\api-ms-win-crt-convert-l1-1-0.dll
0x00000287010b0000 - 0x00000287010b3000 	C:\Users\fgfga\.openjfx\cache\17.0.6\api-ms-win-crt-environment-l1-1-0.dll
0x00000287010c0000 - 0x00000287010c3000 	C:\Users\fgfga\.openjfx\cache\17.0.6\api-ms-win-crt-filesystem-l1-1-0.dll
0x00000287010d0000 - 0x00000287010d3000 	C:\Users\fgfga\.openjfx\cache\17.0.6\api-ms-win-crt-heap-l1-1-0.dll
0x00000287010e0000 - 0x00000287010e3000 	C:\Users\fgfga\.openjfx\cache\17.0.6\api-ms-win-crt-locale-l1-1-0.dll
0x00000287010f0000 - 0x00000287010f5000 	C:\Users\fgfga\.openjfx\cache\17.0.6\api-ms-win-crt-math-l1-1-0.dll
0x0000028701100000 - 0x0000028701105000 	C:\Users\fgfga\.openjfx\cache\17.0.6\api-ms-win-crt-multibyte-l1-1-0.dll
0x0000028701110000 - 0x0000028701120000 	C:\Users\fgfga\.openjfx\cache\17.0.6\api-ms-win-crt-private-l1-1-0.dll
0x0000028701120000 - 0x0000028701123000 	C:\Users\fgfga\.openjfx\cache\17.0.6\api-ms-win-crt-process-l1-1-0.dll
0x0000028701130000 - 0x0000028701134000 	C:\Users\fgfga\.openjfx\cache\17.0.6\api-ms-win-crt-runtime-l1-1-0.dll
0x0000028701140000 - 0x0000028701144000 	C:\Users\fgfga\.openjfx\cache\17.0.6\api-ms-win-crt-stdio-l1-1-0.dll
0x0000028701150000 - 0x0000028701154000 	C:\Users\fgfga\.openjfx\cache\17.0.6\api-ms-win-crt-string-l1-1-0.dll
0x0000028701160000 - 0x0000028701163000 	C:\Users\fgfga\.openjfx\cache\17.0.6\api-ms-win-crt-time-l1-1-0.dll
0x0000028701170000 - 0x0000028701173000 	C:\Users\fgfga\.openjfx\cache\17.0.6\api-ms-win-crt-utility-l1-1-0.dll
0x00007ff9b0a60000 - 0x00007ff9b0a78000 	C:\WINDOWS\SYSTEM32\CRYPTSP.dll
0x00007ff9b02d0000 - 0x00007ff9b0305000 	C:\WINDOWS\system32\rsaenh.dll
0x00007ff9b0910000 - 0x00007ff9b093c000 	C:\WINDOWS\SYSTEM32\USERENV.dll
0x00007ff9b0be0000 - 0x00007ff9b0c07000 	C:\WINDOWS\SYSTEM32\bcrypt.dll
0x00007ff9b0a80000 - 0x00007ff9b0a8c000 	C:\WINDOWS\SYSTEM32\CRYPTBASE.dll
0x00007ff967530000 - 0x00007ff96762c000 	C:\Users\fgfga\.openjfx\cache\17.0.6\ucrtbase.dll
0x00007ff97c6f0000 - 0x00007ff97c707000 	C:\WINDOWS\system32\napinsp.dll
0x00007ff967950000 - 0x00007ff96796b000 	C:\WINDOWS\system32\pnrpnsp.dll
0x00007ff967930000 - 0x00007ff967942000 	C:\WINDOWS\System32\winrnr.dll
0x00007ff9a77d0000 - 0x00007ff9a77e5000 	C:\WINDOWS\system32\wshbth.dll
0x00007ff967910000 - 0x00007ff96792f000 	C:\WINDOWS\system32\nlansp_c.dll
0x00007ff98b960000 - 0x00007ff98b97a000 	C:\Users\fgfga\.openjfx\cache\17.0.6\vcruntime140.dll
0x00007ff98be90000 - 0x00007ff98be9c000 	C:\Users\fgfga\.openjfx\cache\17.0.6\vcruntime140_1.dll
0x00007ff976be0000 - 0x00007ff976c6d000 	C:\Users\fgfga\.openjfx\cache\17.0.6\msvcp140.dll
0x00007ff98b2b0000 - 0x00007ff98b2b9000 	C:\Users\fgfga\.openjfx\cache\17.0.6\msvcp140_1.dll
0x00007ff98a980000 - 0x00007ff98a9af000 	C:\Users\fgfga\.openjfx\cache\17.0.6\msvcp140_2.dll
0x00007ff987a90000 - 0x00007ff987aba000 	C:\Users\fgfga\.openjfx\cache\17.0.6\prism_d3d.dll
0x00007ff9524e0000 - 0x00007ff952686000 	C:\WINDOWS\system32\d3d9.dll
0x00007ff9ae690000 - 0x00007ff9ae6bf000 	C:\WINDOWS\SYSTEM32\dwmapi.dll
0x00007ff9ae530000 - 0x00007ff9ae568000 	C:\WINDOWS\SYSTEM32\dxcore.dll
0x00007ff9ae3b0000 - 0x00007ff9ae45c000 	C:\WINDOWS\system32\uxtheme.dll
0x00007ff94fd20000 - 0x00007ff94ffbf000 	C:\WINDOWS\System32\DriverStore\FileRepository\iigd_dch.inf_amd64_02c1df990b074c96\igdumdim64.dll
0x00007ff9032a0000 - 0x00007ff904d1f000 	C:\WINDOWS\System32\DriverStore\FileRepository\iigd_dch.inf_amd64_02c1df990b074c96\igd9trinity64.dll
0x00007ff9b2b80000 - 0x00007ff9b2c56000 	C:\WINDOWS\System32\OLEAUT32.dll
0x00007ff9ae570000 - 0x00007ff9ae663000 	C:\WINDOWS\system32\dxgi.dll
0x00007ff9a5060000 - 0x00007ff9a55f0000 	C:\WINDOWS\System32\DriverStore\FileRepository\iigd_dch.inf_amd64_02c1df990b074c96\igdgmm64.dll
0x00007ff99b290000 - 0x00007ff9a01b4000 	C:\WINDOWS\System32\DriverStore\FileRepository\iigd_dch.inf_amd64_02c1df990b074c96\igc64.dll
0x00007ff98fa00000 - 0x00007ff98fa4d000 	C:\WINDOWS\SYSTEM32\ControlLib.dll
0x00007ff9b0f30000 - 0x00007ff9b0f7c000 	C:\WINDOWS\SYSTEM32\CFGMGR32.dll
0x00007ff977410000 - 0x00007ff9774b6000 	C:\WINDOWS\System32\DriverStore\FileRepository\iigd_dch.inf_amd64_02c1df990b074c96\IntelControlLib.dll
0x00007ff9ab930000 - 0x00007ff9ab974000 	C:\WINDOWS\SYSTEM32\directxdatabasehelper.dll

dbghelp: loaded successfully - version: 4.0.5 - missing functions: none
symbol engine: initialized successfully - sym options: 0x614 - pdb path: .;C:\Program Files\Java\jdk-24\bin;C:\WINDOWS\SYSTEM32;C:\WINDOWS\WinSxS\amd64_microsoft.windows.common-controls_6595b64144ccf1df_6.0.22000.120_none_9d947278b86cc467;C:\Program Files\Java\jdk-24\bin\server;C:\Program Files\National Instruments\Shared\mDNS Responder;C:\Users\fgfga\.openjfx\cache\17.0.6;C:\WINDOWS\System32\DriverStore\FileRepository\iigd_dch.inf_amd64_02c1df990b074c96;C:\Program Files\Common Files\Microsoft Shared\Ink;C:\Users\fgfga\AppData\Local\Temp\idea_libasyncProfiler_dll_temp_folder

VM Arguments:
jvm_args: -javaagent:C:\Program Files\JetBrains\IntelliJ IDEA 2025.1\lib\idea_rt.jar=52601 -Dfile.encoding=UTF-8 -Dsun.stdout.encoding=UTF-8 -Dsun.stderr.encoding=UTF-8 --module-path=C:\Users\fgfga\.m2\repository\org\openjfx\javafx-graphics\17.0.6\javafx-graphics-17.0.6-win.jar;C:\Users\fgfga\.m2\repository\org\openjfx\javafx-controls\17.0.6\javafx-controls-17.0.6-win.jar;C:\Users\fgfga\.m2\repository\org\openjfx\javafx-fxml\17.0.6\javafx-fxml-17.0.6-win.jar;C:\Users\fgfga\.m2\repository\org\openjfx\javafx-base\17.0.6\javafx-base-17.0.6-win.jar;C:\Users\fgfga\IdeaProjects\Networks1-Project\target\classes -Djdk.module.main=com.example.networks1project 
java_command: com.example.networks1project/com.example.networks1project.HelloApplication
java_class_path (initial): C:\Users\fgfga\.m2\repository\org\openjfx\javafx-controls\17.0.6\javafx-controls-17.0.6.jar;C:\Users\fgfga\.m2\repository\org\openjfx\javafx-graphics\17.0.6\javafx-graphics-17.0.6.jar;C:\Users\fgfga\.m2\repository\org\openjfx\javafx-base\17.0.6\javafx-base-17.0.6.jar;C:\Users\fgfga\.m2\repository\org\openjfx\javafx-fxml\17.0.6\javafx-fxml-17.0.6.jar
Launcher Type: SUN_STANDARD

[Global flags]
     intx CICompilerCount                          = 4                                         {product} {ergonomic}
     uint ConcGCThreads                            = 3                                         {product} {ergonomic}
     bool FlightRecorder                           = true                                      {product} {management}
     uint G1ConcRefinementThreads                  = 10                                        {product} {ergonomic}
   size_t G1HeapRegionSize                         = 2097152                                   {product} {ergonomic}
   size_t InitialHeapSize                          = 264241152                                 {product} {ergonomic}
   size_t MarkStackSize                            = 4194304                                   {product} {ergonomic}
   size_t MarkStackSizeMax                         = 536870912                                 {product} {ergonomic}
   size_t MaxHeapSize                              = 4200595456                                {product} {ergonomic}
   size_t MaxNewSize                               = 2518679552                                {product} {ergonomic}
   size_t MinHeapDeltaBytes                        = 2097152                                   {product} {ergonomic}
   size_t MinHeapSize                              = 8388608                                   {product} {ergonomic}
    uintx NonNMethodCodeHeapSize                   = 5832704                                {pd product} {ergonomic}
    uintx NonProfiledCodeHeapSize                  = 122945536                              {pd product} {ergonomic}
    uintx ProfiledCodeHeapSize                     = 122880000                              {pd product} {ergonomic}
    uintx ReservedCodeCacheSize                    = 251658240                              {pd product} {ergonomic}
     bool SegmentedCodeCache                       = true                                      {product} {ergonomic}
   size_t SoftMaxHeapSize                          = 4200595456                             {manageable} {ergonomic}
     bool UseCompressedOops                        = true                           {product lp64_product} {ergonomic}
     bool UseG1GC                                  = true                                      {product} {ergonomic}
     bool UseLargePagesIndividualAllocation        = false                                  {pd product} {ergonomic}

Logging:
Log output configuration:
 #0: stdout all=warning uptime,level,tags foldmultilines=false
 #1: stderr all=off uptime,level,tags foldmultilines=false

Environment Variables:
PATH=C:\Program Files\Common Files\Oracle\Java\javapath;C:\WINDOWS\system32;C:\WINDOWS;C:\WINDOWS\System32\Wbem;C:\WINDOWS\System32\WindowsPowerShell\v1.0\;C:\WINDOWS\System32\OpenSSH\;C:\Users\fgfga\AppData\Local\Microsoft\WindowsApps;C:\Users\fgfga\AppData\Local\Programs\Microsoft VS Code\bin;C:\Program Files\JetBrains\IntelliJ IDEA 2025.1\bin;
USERNAME=fgfga
OS=Windows_NT
PROCESSOR_IDENTIFIER=Intel64 Family 6 Model 186 Stepping 3, GenuineIntel
TMP=C:\Users\fgfga\AppData\Local\Temp
TEMP=C:\Users\fgfga\AppData\Local\Temp




Periodic native trim disabled

---------------  S Y S T E M  ---------------

OS:
 Windows 11 , 64 bit Build 22000 (10.0.22000.2538)
OS uptime: 0 days 17:34 hours

CPU: total 12 (initial active 12) (12 cores per cpu, 1 threads per core) family 6 model 186 stepping 3 microcode 0x4123, cx8, cmov, fxsr, mmx, 3dnowpref, sse, sse2, sse3, ssse3, sse4.1, sse4.2, popcnt, lzcnt, tsc, tscinvbit, avx, avx2, aes, erms, clmul, bmi1, bmi2, adx, sha, fma, vzeroupper, clflush, clflushopt, clwb, serialize, rdtscp, rdpid, fsrm, gfni, f16c, pku, cet_ibt, cet_ss
Processor Information for the first 12 processors :
  Max Mhz: 1700, Current Mhz: 1700, Mhz Limit: 1700

Memory: 4k page, system-wide physical 16016M (5557M free)
TotalPageFile size 19600M (AvailPageFile size 5822M)
current process WorkingSet (physical memory assigned to process): 300M, peak: 300M
current process commit charge ("private bytes"): 388M, peak: 554M

vm_info: Java HotSpot(TM) 64-Bit Server VM (24+36-3646) for windows-amd64 JRE (24+36-3646), built on 2025-02-06T00:20:43Z with MS VC++ 17.6 (VS2022)

END.
